[2025-07-15T02:35:13.042Z] WARN: Could not find trainer in map.json for script: AbandonedShip_Rooms_1F_EventScript_ThaliaRematch in MAP_ABANDONED_SHIP_ROOMS_1F
[2025-07-15T02:35:13.045Z] WARN: Could not find trainer in map.json for script: AquaHideout_B2F_EventScript_Archie in MAP_AQUA_HIDEOUT_B2F
[2025-07-15T02:35:13.046Z] WARN: Could not find trainer in map.json for script: DewfordTown_Gym_EventScript_Brawly in MAP_DEWFORD_TOWN_GYM
[2025-07-15T02:35:13.046Z] WARN: Could not find trainer in map.json for script: EverGrandeCity_EventScript_BattleMayTreecko in MAP_EVER_GRANDE_CITY
[2025-07-15T02:35:13.046Z] WARN: Could not find trainer in map.json for script: EverGrandeCity_EventScript_BattleMayTorchic in MAP_EVER_GRANDE_CITY
[2025-07-15T02:35:13.046Z] WARN: Could not find trainer in map.json for script: EverGrandeCity_EventScript_BattleMayMudkip in MAP_EVER_GRANDE_CITY
[2025-07-15T02:35:13.046Z] WARN: Could not find trainer in map.json for script: EverGrandeCity_EventScript_BattleBrendanTreecko in MAP_EVER_GRANDE_CITY
[2025-07-15T02:35:13.046Z] WARN: Could not find trainer in map.json for script: EverGrandeCity_EventScript_BattleBrendanTorchic in MAP_EVER_GRANDE_CITY
[2025-07-15T02:35:13.046Z] WARN: Could not find trainer in map.json for script: EverGrandeCity_EventScript_BattleBrendanMudkip in MAP_EVER_GRANDE_CITY
[2025-07-15T02:35:13.046Z] WARN: Could not find trainer in map.json for script: EverGrandeCity_EventScript_BattleDawn in MAP_EVER_GRANDE_CITY
[2025-07-15T02:35:13.046Z] WARN: Could not find trainer in map.json for script: EverGrandeCity_EventScript_BattleVolkner in MAP_EVER_GRANDE_CITY
[2025-07-15T02:35:13.047Z] WARN: Could not find trainer in map.json for script: EverGrandeCity_ChampionsRoom_EventScript_Wallace in MAP_EVER_GRANDE_CITY_CHAMPIONS_ROOM
[2025-07-15T02:35:13.047Z] WARN: Could not find trainer in map.json for script: EverGrandeCity_DrakesRoom_EventScript_Cynthia in MAP_EVER_GRANDE_CITY_DRAKES_ROOM
[2025-07-15T02:35:13.047Z] WARN: Could not find trainer in map.json for script: EverGrandeCity_GlaciasRoom_EventScript_Glacia in MAP_EVER_GRANDE_CITY_GLACIAS_ROOM
[2025-07-15T02:35:13.047Z] WARN: Could not find trainer in map.json for script: EverGrandeCity_GlaciasRoom_EventScript_BattleGlacia1 in MAP_EVER_GRANDE_CITY_GLACIAS_ROOM
[2025-07-15T02:35:13.047Z] WARN: Could not find trainer in map.json for script: EverGrandeCity_PhoebesRoom_EventScript_Phoebe in MAP_EVER_GRANDE_CITY_PHOEBES_ROOM
[2025-07-15T02:35:13.047Z] WARN: Could not find trainer in map.json for script: EverGrandeCity_PhoebesRoom_EventScript_BattlePhoebe1 in MAP_EVER_GRANDE_CITY_PHOEBES_ROOM
[2025-07-15T02:35:13.047Z] WARN: Could not find trainer in map.json for script: EverGrandeCity_SidneysRoom_EventScript_Sidney in MAP_EVER_GRANDE_CITY_SIDNEYS_ROOM
[2025-07-15T02:35:13.047Z] WARN: Could not find trainer in map.json for script: EverGrandeCity_SidneysRoom_EventScript_BattleSidney1 in MAP_EVER_GRANDE_CITY_SIDNEYS_ROOM
[2025-07-15T02:35:13.047Z] WARN: Could not find trainer in map.json for script: FortreeCity_CreatorHouse_EventScript_BattleIriv24 in MAP_FORTREE_CITY_CREATOR_HOUSE
[2025-07-15T02:35:13.047Z] WARN: Could not find trainer in map.json for script: FortreeCity_CreatorHouse_EventScript_BattleCap in MAP_FORTREE_CITY_CREATOR_HOUSE
[2025-07-15T02:35:13.047Z] WARN: Could not find trainer in map.json for script: FortreeCity_CreatorHouse_EventScript_BattleX in MAP_FORTREE_CITY_CREATOR_HOUSE
[2025-07-15T02:35:13.047Z] WARN: Could not find trainer in map.json for script: FortreeCity_Gym_EventScript_Winona in MAP_FORTREE_CITY_GYM
[2025-07-15T02:35:13.047Z] WARN: Could not find trainer in map.json for script: JaggedPass_EventScript_MagmaHideoutGuard in MAP_JAGGED_PASS
[2025-07-15T02:35:13.047Z] WARN: Could not find trainer in map.json for script: JaggedPass_EventScript_DianaRematch in MAP_JAGGED_PASS
[2025-07-15T02:35:13.047Z] WARN: Could not find trainer in map.json for script: JaggedPass_EventScript_EthanRematch in MAP_JAGGED_PASS
[2025-07-15T02:35:13.047Z] WARN: Could not find trainer in map.json for script: JaggedPass_EventScript_BattleMaylene in MAP_JAGGED_PASS
[2025-07-15T02:35:13.047Z] WARN: Could not find trainer in map.json for script: LavaridgeTown_Gym_1F_EventScript_Flannery in MAP_LAVARIDGE_TOWN_GYM_1F
[2025-07-15T02:35:13.047Z] WARN: Could not find trainer in map.json for script: LilycoveCity_EventScript_DawnRivalBattle in MAP_LILYCOVE_CITY
[2025-07-15T02:35:13.048Z] WARN: Could not find trainer in map.json for script: MagmaHideout_4F_EventScript_Maxie in MAP_MAGMA_HIDEOUT_4F
[2025-07-15T02:35:13.048Z] WARN: Could not find trainer in map.json for script: MagmaHideout_EventScript_BackToBackScene in MAP_MAGMA_HIDEOUT_4F
[2025-07-15T02:35:13.048Z] WARN: Could not find trainer in map.json for script: MagmaHideout_EventScript_BackToBackScene in MAP_MAGMA_HIDEOUT_4F
[2025-07-15T02:35:13.048Z] WARN: Could not find trainer in map.json for script: MauvilleCity_EventScript_BattleWally in MAP_MAUVILLE_CITY
[2025-07-15T02:35:13.048Z] WARN: Could not find trainer in map.json for script: MauvilleCity_Gym_EventScript_Wattson in MAP_MAUVILLE_CITY_GYM
[2025-07-15T02:35:13.048Z] WARN: Could not find trainer in map.json for script: MeteorFalls_1F_2R_EventScript_RematchNicolas in MAP_METEOR_FALLS_1F_2R
[2025-07-15T02:35:13.048Z] WARN: Could not find trainer in map.json for script: MossdeepCity_BetaTesterHouse_EventScript_BattleSunbird in MAP_MOSSDEEP_CITY_BETA_TESTER_HOUSE
[2025-07-15T02:35:13.048Z] WARN: Could not find trainer in map.json for script: MossdeepCity_BetaTesterHouse_EventScript_BattleSuneal in MAP_MOSSDEEP_CITY_BETA_TESTER_HOUSE
[2025-07-15T02:35:13.048Z] WARN: Could not find trainer in map.json for script: MossdeepCity_BetaTesterHouse_EventScript_BattleDollaMike in MAP_MOSSDEEP_CITY_BETA_TESTER_HOUSE
[2025-07-15T02:35:13.048Z] WARN: Could not find trainer in map.json for script: MossdeepCity_Gym_EventScript_TateAndLiza in MAP_MOSSDEEP_CITY_GYM
[2025-07-15T02:35:13.048Z] WARN: Could not find trainer in map.json for script: MtChimney_EventScript_Maxie in MAP_MT_CHIMNEY
[2025-07-15T02:35:13.048Z] WARN: Could not find trainer in map.json for script: MtChimney_EventScript_RematchShelby in MAP_MT_CHIMNEY
[2025-07-15T02:35:13.048Z] WARN: Could not find trainer in map.json for script: MtChimney_EventScript_SawyerRematch in MAP_MT_CHIMNEY
[2025-07-15T02:35:13.048Z] WARN: Could not find trainer in map.json for script: MtPyre_3F_EventScript_RematchGabrielle in MAP_MT_PYRE_3F
[2025-07-15T02:35:13.048Z] WARN: Could not find trainer in map.json for script: MtPyre_5F_EventScript_Atsushi in MAP_MT_PYRE_4F
[2025-07-15T02:35:13.048Z] WARN: Could not find trainer in map.json for script: MtPyre_4F_EventScript_Tasha in MAP_MT_PYRE_5F
[2025-07-15T02:35:13.048Z] WARN: Could not find trainer in map.json for script: MtPyre_6F_EventScript_RematchValerie in MAP_MT_PYRE_6F
[2025-07-15T02:35:13.049Z] WARN: Could not find trainer in map.json for script: PetalburgCity_Gym_EventScript_NormanBattle in MAP_PETALBURG_CITY_GYM
[2025-07-15T02:35:13.049Z] WARN: Could not find trainer in map.json for script: PetalburgWoods_EventScript_DevonResearcherLeft in MAP_PETALBURG_WOODS
[2025-07-15T02:35:13.049Z] WARN: Could not find trainer in map.json for script: PetalburgWoods_EventScript_DevonResearcherRight in MAP_PETALBURG_WOODS
[2025-07-15T02:35:13.049Z] WARN: Could not find trainer in map.json for script: PetalburgWoods_EventScript_JamesRematch in MAP_PETALBURG_WOODS
[2025-07-15T02:35:13.049Z] WARN: Could not find trainer in map.json for script: PetalburgWoods_EventScript_BattleGardenia in MAP_PETALBURG_WOODS
[2025-07-15T02:35:13.049Z] WARN: Could not find trainer in map.json for script: PetalburgWoods_EventScript_BattleGardenia2 in MAP_PETALBURG_WOODS
[2025-07-15T02:35:13.049Z] WARN: Could not find trainer in map.json for script: Route102_EventScript_CalvinRematch in MAP_ROUTE102
[2025-07-15T02:35:13.049Z] WARN: Could not find trainer in map.json for script: Route103_EventScript_StartMayBattleTreecko in MAP_ROUTE103
[2025-07-15T02:35:13.049Z] WARN: Could not find trainer in map.json for script: Route103_EventScript_StartMayBattleTorchic in MAP_ROUTE103
[2025-07-15T02:35:13.049Z] WARN: Could not find trainer in map.json for script: Route103_EventScript_StartMayBattleMudkip in MAP_ROUTE103
[2025-07-15T02:35:13.049Z] WARN: Could not find trainer in map.json for script: Route103_EventScript_StartBrendanBattleTreecko in MAP_ROUTE103
[2025-07-15T02:35:13.049Z] WARN: Could not find trainer in map.json for script: Route103_EventScript_StartBrendanBattleTorchic in MAP_ROUTE103
[2025-07-15T02:35:13.049Z] WARN: Could not find trainer in map.json for script: Route103_EventScript_StartBrendanBattleMudkip in MAP_ROUTE103
[2025-07-15T02:35:13.049Z] WARN: Could not find trainer in map.json for script: Route103_EventScript_MiguelRematch in MAP_ROUTE103
[2025-07-15T02:35:13.049Z] WARN: Could not find trainer in map.json for script: Route104_EventScript_RematchHaley in MAP_ROUTE104
[2025-07-15T02:35:13.049Z] WARN: Could not find trainer in map.json for script: Route104_EventScript_RematchWinston in MAP_ROUTE104
[2025-07-15T02:35:13.049Z] WARN: Could not find trainer in map.json for script: Route104_EventScript_RematchCindy in MAP_ROUTE104
[2025-07-15T02:35:13.049Z] WARN: Could not find trainer in map.json for script: Route104_EventScript_DawnRivalBattle in MAP_ROUTE104
[2025-07-15T02:35:13.049Z] WARN: Could not find trainer in map.json for script: Route105_EventScript_AndresRematch in MAP_ROUTE105
[2025-07-15T02:35:13.049Z] WARN: Could not find trainer in map.json for script: Route106_EventScript_ElliotRematch in MAP_ROUTE106
[2025-07-15T02:35:13.049Z] WARN: Could not find trainer in map.json for script: Route107_EventScript_TonyRematch in MAP_ROUTE107
[2025-07-15T02:35:13.049Z] WARN: Could not find trainer in map.json for script: Route108_EventScript_CoryRematch in MAP_ROUTE108
[2025-07-15T02:35:13.050Z] WARN: Could not find trainer in map.json for script: Route109_EventScript_RickyRematch in MAP_ROUTE109
[2025-07-15T02:35:13.050Z] WARN: Could not find trainer in map.json for script: Route109_EventScript_LolaRematch in MAP_ROUTE109
[2025-07-15T02:35:13.050Z] WARN: Could not find trainer in map.json for script: Route110_EventScript_EdwinRematch in MAP_ROUTE110
[2025-07-15T02:35:13.050Z] WARN: Could not find trainer in map.json for script: Route110_EventScript_BenjaminRematch in MAP_ROUTE110
[2025-07-15T02:35:13.052Z] WARN: Could not find trainer in map.json for script: Route110_EventScript_AbigailRematch in MAP_ROUTE110
[2025-07-15T02:35:13.052Z] WARN: Could not find trainer in map.json for script: Route110_EventScript_IsabelRematch in MAP_ROUTE110
[2025-07-15T02:35:13.052Z] WARN: Could not find trainer in map.json for script: Route110_EventScript_MayBattleTreecko in MAP_ROUTE110
[2025-07-15T02:35:13.052Z] WARN: Could not find trainer in map.json for script: Route110_EventScript_MayBattleTorchic in MAP_ROUTE110
[2025-07-15T02:35:13.052Z] WARN: Could not find trainer in map.json for script: Route110_EventScript_MayBattleMudkip in MAP_ROUTE110
[2025-07-15T02:35:13.052Z] WARN: Could not find trainer in map.json for script: Route110_EventScript_BrendanBattleTreecko in MAP_ROUTE110
[2025-07-15T02:35:13.052Z] WARN: Could not find trainer in map.json for script: Route110_EventScript_BrendanBattleTorchic in MAP_ROUTE110
[2025-07-15T02:35:13.052Z] WARN: Could not find trainer in map.json for script: Route110_EventScript_BrendanBattleMudkip in MAP_ROUTE110
[2025-07-15T02:35:13.052Z] WARN: Could not find trainer in map.json for script: Route110_EventScript_Wally in MAP_ROUTE110
[2025-07-15T02:35:13.052Z] WARN: Could not find trainer in map.json for script: Route111_EventScript_BattleWinstrates in MAP_ROUTE111
[2025-07-15T02:35:13.052Z] WARN: Could not find trainer in map.json for script: Route111_EventScript_BattleWinstrates in MAP_ROUTE111
[2025-07-15T02:35:13.053Z] WARN: Could not find trainer in map.json for script: Route111_EventScript_BattleWinstrates in MAP_ROUTE111
[2025-07-15T02:35:13.053Z] WARN: Could not find trainer in map.json for script: Route111_EventScript_BattleWinstrates in MAP_ROUTE111
[2025-07-15T02:35:13.053Z] WARN: Could not find trainer in map.json for script: Route111_EventScript_RematchDusty in MAP_ROUTE111
[2025-07-15T02:35:13.053Z] WARN: Could not find trainer in map.json for script: Route111_EventScript_RematchWilton in MAP_ROUTE111
[2025-07-15T02:35:13.053Z] WARN: Could not find trainer in map.json for script: Route111_EventScript_RematchBrooke in MAP_ROUTE111
[2025-07-15T02:35:13.053Z] WARN: Could not find trainer in map.json for script: Route111_EventScript_DawnRivalBattle in MAP_ROUTE111
[2025-07-15T02:35:13.053Z] WARN: Could not find trainer in map.json for script: Route111_EventScript_BattleDaisuke in MAP_ROUTE111
[2025-07-15T02:35:13.053Z] WARN: Could not find trainer in map.json for script: Route112_EventScript_RematchTrent in MAP_ROUTE112
[2025-07-15T02:35:13.053Z] WARN: Could not find trainer in map.json for script: Route113_EventScript_RematchMadeline in MAP_ROUTE113
[2025-07-15T02:35:13.053Z] WARN: Could not find trainer in map.json for script: Route113_EventScript_RematchLao in MAP_ROUTE113
[2025-07-15T02:35:13.053Z] WARN: Could not find trainer in map.json for script: Route114_EventScript_RematchSteve in MAP_ROUTE114
[2025-07-15T02:35:13.053Z] WARN: Could not find trainer in map.json for script: Route114_EventScript_RematchBernie in MAP_ROUTE114
[2025-07-15T02:35:13.053Z] WARN: Could not find trainer in map.json for script: Route115_EventScript_RematchTimothy in MAP_ROUTE115
[2025-07-15T02:35:13.053Z] WARN: Could not find trainer in map.json for script: Route115_EventScript_RematchNob in MAP_ROUTE115
[2025-07-15T02:35:13.053Z] WARN: Could not find trainer in map.json for script: Route115_EventScript_RematchCyndy in MAP_ROUTE115
[2025-07-15T02:35:13.054Z] WARN: Could not find trainer in map.json for script: Route116_EventScript_RematchJerry in MAP_ROUTE116
[2025-07-15T02:35:13.054Z] WARN: Could not find trainer in map.json for script: Route116_EventScript_RematchKaren in MAP_ROUTE116
[2025-07-15T02:35:13.054Z] WARN: Could not find trainer in map.json for script: Route116_EventScript_BattleRoark in MAP_ROUTE116
[2025-07-15T02:35:13.054Z] WARN: Could not find trainer in map.json for script: Route117_EventScript_RematchEzekiel in MAP_ROUTE117
[2025-07-15T02:35:13.054Z] WARN: Could not find trainer in map.json for script: Route117_EventScript_RematchLydia in MAP_ROUTE117
[2025-07-15T02:35:13.054Z] WARN: Could not find trainer in map.json for script: Route117_EventScript_RematchDylan in MAP_ROUTE117
[2025-07-15T02:35:13.054Z] WARN: Could not find trainer in map.json for script: Route117_EventScript_RematchMaria in MAP_ROUTE117
[2025-07-15T02:35:13.054Z] WARN: Could not find trainer in map.json for script: Route117_EventScript_BattleFantina in MAP_ROUTE117
[2025-07-15T02:35:13.054Z] WARN: Could not find trainer in map.json for script: Route118_EventScript_RematchRose in MAP_ROUTE118
[2025-07-15T02:35:13.054Z] WARN: Could not find trainer in map.json for script: Route118_EventScript_RematchDalton in MAP_ROUTE118
[2025-07-15T02:35:13.054Z] WARN: Could not find trainer in map.json for script: Route118_EventScript_BattleWake in MAP_ROUTE118
[2025-07-15T02:35:13.054Z] WARN: Could not find trainer in map.json for script: Route119_EventScript_BattleMayTreecko in MAP_ROUTE119
[2025-07-15T02:35:13.054Z] WARN: Could not find trainer in map.json for script: Route119_EventScript_BattleMayTorchic in MAP_ROUTE119
[2025-07-15T02:35:13.054Z] WARN: Could not find trainer in map.json for script: Route119_EventScript_BattleMayMudkip in MAP_ROUTE119
[2025-07-15T02:35:13.054Z] WARN: Could not find trainer in map.json for script: Route119_EventScript_BattleBrendanTreecko in MAP_ROUTE119
[2025-07-15T02:35:13.054Z] WARN: Could not find trainer in map.json for script: Route119_EventScript_BattleBrendanTorchic in MAP_ROUTE119
[2025-07-15T02:35:13.054Z] WARN: Could not find trainer in map.json for script: Route119_EventScript_BattleBrendanMudkip in MAP_ROUTE119
[2025-07-15T02:35:13.054Z] WARN: Could not find trainer in map.json for script: Route119_EventScript_RematchJackson in MAP_ROUTE119
[2025-07-15T02:35:13.054Z] WARN: Could not find trainer in map.json for script: Route119_EventScript_RematchCatherine in MAP_ROUTE119
[2025-07-15T02:35:13.055Z] WARN: Could not find trainer in map.json for script: Route120_EventScript_RematchRobert in MAP_ROUTE120
[2025-07-15T02:35:13.055Z] WARN: Could not find trainer in map.json for script: Route120_EventScript_RematchJeffrey in MAP_ROUTE120
[2025-07-15T02:35:13.055Z] WARN: Could not find trainer in map.json for script: Route121_EventScript_RematchWalter in MAP_ROUTE121
[2025-07-15T02:35:13.055Z] WARN: Could not find trainer in map.json for script: Route121_EventScript_RematchJessica in MAP_ROUTE121
[2025-07-15T02:35:13.055Z] WARN: Could not find trainer in map.json for script: Route121_EventScript_RematchCristin in MAP_ROUTE121
[2025-07-15T02:35:13.055Z] WARN: Could not find trainer in map.json for script: Route121_EventScript_BattleByron in MAP_ROUTE121
[2025-07-15T02:35:13.055Z] WARN: Could not find trainer in map.json for script: Route123_EventScript_RematchCameron in MAP_ROUTE123
[2025-07-15T02:35:13.055Z] WARN: Could not find trainer in map.json for script: Route123_EventScript_RematchJacki in MAP_ROUTE123
[2025-07-15T02:35:13.055Z] WARN: Could not find trainer in map.json for script: Route123_EventScript_RematchFernando in MAP_ROUTE123
[2025-07-15T02:35:13.055Z] WARN: Could not find trainer in map.json for script: Route124_EventScript_RematchJenny in MAP_ROUTE124
[2025-07-15T02:35:13.055Z] WARN: Could not find trainer in map.json for script: Route125_EventScript_RematchErnest in MAP_ROUTE125
[2025-07-15T02:35:13.055Z] WARN: Could not find trainer in map.json for script: Route125_EventScript_BattleCandice in MAP_ROUTE125
[2025-07-15T02:35:13.055Z] WARN: Could not find trainer in map.json for script: Route126_EventScript_RematchPablo in MAP_ROUTE126
[2025-07-15T02:35:13.056Z] WARN: Could not find trainer in map.json for script: Route127_EventScript_RematchKoji in MAP_ROUTE127
[2025-07-15T02:35:13.056Z] WARN: Could not find trainer in map.json for script: Route128_EventScript_RematchIsaiah in MAP_ROUTE128
[2025-07-15T02:35:13.056Z] WARN: Could not find trainer in map.json for script: Route128_EventScript_RematchKatelyn in MAP_ROUTE128
[2025-07-15T02:35:13.056Z] WARN: Could not find trainer in map.json for script: RustboroCity_EventScript_BattleMayTreecko in MAP_RUSTBORO_CITY
[2025-07-15T02:35:13.056Z] WARN: Could not find trainer in map.json for script: RustboroCity_EventScript_BattleMayTorchic in MAP_RUSTBORO_CITY
[2025-07-15T02:35:13.056Z] WARN: Could not find trainer in map.json for script: RustboroCity_EventScript_BattleMayMudkip in MAP_RUSTBORO_CITY
[2025-07-15T02:35:13.056Z] WARN: Could not find trainer in map.json for script: RustboroCity_EventScript_BattleBrendanTreecko in MAP_RUSTBORO_CITY
[2025-07-15T02:35:13.056Z] WARN: Could not find trainer in map.json for script: RustboroCity_EventScript_BattleBrendanTorchic in MAP_RUSTBORO_CITY
[2025-07-15T02:35:13.056Z] WARN: Could not find trainer in map.json for script: RustboroCity_EventScript_BattleBrendanMudkip in MAP_RUSTBORO_CITY
[2025-07-15T02:35:13.056Z] WARN: Could not find trainer in map.json for script: RustboroCity_Gym_EventScript_Roxanne in MAP_RUSTBORO_CITY_GYM
[2025-07-15T02:35:13.056Z] WARN: Could not find trainer in map.json for script: RusturfTunnel_EventScript_Grunt in MAP_RUSTURF_TUNNEL
[2025-07-15T02:35:13.056Z] WARN: Could not find trainer in map.json for script: SeafloorCavern_EventScript_Archie in MAP_SEAFLOOR_CAVERN_ROOM9
[2025-07-15T02:35:13.056Z] WARN: Could not find trainer in map.json for script: SeafloorCavern_EventScript_BackToBackScene in MAP_SEAFLOOR_CAVERN_ROOM9
[2025-07-15T02:35:13.056Z] WARN: Could not find trainer in map.json for script: SeafloorCavern_EventScript_BackToBackScene in MAP_SEAFLOOR_CAVERN_ROOM9
[2025-07-15T02:35:13.056Z] WARN: Could not find trainer in map.json for script: SkyPillar_Top_EventScript_Drake in MAP_SKY_PILLAR_TOP
[2025-07-15T02:35:13.057Z] WARN: Could not find trainer in map.json for script: SlateportCity_OceanicMuseum_2F_EventScript_CaptStern in MAP_SLATEPORT_CITY_OCEANIC_MUSEUM_2F
[2025-07-15T02:35:13.057Z] WARN: Could not find trainer in map.json for script: SlateportCity_OceanicMuseum_2F_EventScript_CaptStern in MAP_SLATEPORT_CITY_OCEANIC_MUSEUM_2F
[2025-07-15T02:35:13.057Z] WARN: Could not find trainer in map.json for script: SootopolisCity_ChampHouse_EventScript_BattleDanni in MAP_SOOTOPOLIS_CITY_CHAMP_HOUSE
[2025-07-15T02:35:13.057Z] WARN: Could not find trainer in map.json for script: SootopolisCity_ChampHouse_EventScript_BattleMastaJanes in MAP_SOOTOPOLIS_CITY_CHAMP_HOUSE
[2025-07-15T02:35:13.057Z] WARN: Could not find trainer in map.json for script: SootopolisCity_ChampHouse_EventScript_BattleBefools in MAP_SOOTOPOLIS_CITY_CHAMP_HOUSE
[2025-07-15T02:35:13.057Z] WARN: Could not find trainer in map.json for script: SootopolisCity_Gym_1F_EventScript_Juan in MAP_SOOTOPOLIS_CITY_GYM_1F
[2025-07-15T02:35:13.057Z] WARN: Could not find trainer in map.json for script: SootopolisCity_House5_EventScript_BattleNatn in MAP_SOOTOPOLIS_CITY_HOUSE5
[2025-07-15T02:35:13.057Z] WARN: Could not find trainer in map.json for script: SootopolisCity_House5_EventScript_BattleMasterPoucine in MAP_SOOTOPOLIS_CITY_HOUSE5
[2025-07-15T02:35:13.057Z] WARN: Could not find trainer in map.json for script: SootopolisCity_House5_EventScript_BattleOblivionWing in MAP_SOOTOPOLIS_CITY_HOUSE5
[2025-07-15T02:35:13.057Z] WARN: Could not find trainer in map.json for script: VerdanturfTown_EventScript_BattleUrsula in MAP_VERDANTURF_TOWN_HOUSE
[2025-07-15T02:35:13.057Z] WARN: Could not find trainer in map.json for script: VictoryRoad_1F_EventScript_WallyEntranceBattle in MAP_VICTORY_ROAD_1F
[2025-07-15T02:35:13.057Z] WARN: Could not find trainer in map.json for script: VictoryRoad_1F_EventScript_ExitWally in MAP_VICTORY_ROAD_1F
[2025-07-15T02:35:13.057Z] WARN: Could not find trainer in map.json for script: VictoryRoad_1F_EventScript_RematchWally in MAP_VICTORY_ROAD_1F
[2025-07-15T02:35:13.061Z] INFO: Merged data written to levels.json and trainers.json
[2025-07-15T02:35:13.061Z] INFO: Validating...
